<?xml version="1.0" encoding="UTF-8"?>
<!-- Generated by org.testng.reporters.JUnitReportReporter -->
<testsuite skipped="0" hostname="DESKTOP-2V7MRDA" name="com.Venki.Vowmap" tests="1" failures="0" timestamp="2022-09-18T13:13:08 IST" time="0.023" errors="0">
  <testcase name="vow" time="0.023" classname="com.Venki.Vowmap"/>
  <system-out/>
</testsuite> <!-- com.Venki.Vowmap -->
