<?xml version="1.0" encoding="UTF-8"?>
<!-- Generated by org.testng.reporters.JUnitReportReporter -->
<testsuite skipped="0" hostname="DESKTOP-2V7MRDA" name="com.Venki.HardSoft" tests="2" failures="0" timestamp="2022-09-20T13:21:29 IST" time="0.060" errors="0">
  <testcase name="demo" time="0.056" classname="com.Venki.HardSoft"/>
  <system-out/>
  <testcase name="hard" time="0.004" classname="com.Venki.HardSoft"/>
  <system-out/>
</testsuite> <!-- com.Venki.HardSoft -->
